Building DAG of jobs...
Job stats:
job                            count    min threads    max threads
---------------------------  -------  -------------  -------------
all                                1              1              1
calculate_enpact_scores            1              1              1
prepare_files_for_predictDB        1              1              1
total                              3              1              1


[Wed Feb  7 08:58:08 2024]
Job 6: working on asthma_children
Reason: Forced execution


        module load parallel;
        mkdir -p data/enpact_predictions/asthma_children;
        printf "%s\n" NA20828 HG01686 HG01628 NA10847 HG00246 HG00100 HG01781 HG01632 HG01702 HG00325 NA12778 NA12347 NA20832 NA20764 NA07051 HG00140 HG00136 NA20586 HG00187 HG00339 NA12046 NA07347 NA07056 HG00330 NA10851 NA20520 HG01623 HG01747 HG00179 NA11918 HG01694 HG00253 NA20816 HG00258 HG00328 HG00329 HG00360 HG00264 NA20758 HG00235 HG01612 HG00231 HG00381 NA12812 NA20505 NA20589 NA20795 HG00189 HG00260 NA20798 HG01765 NA20588 HG00383 HG00116 NA20819 NA20810 NA20517 HG00278 HG00245 HG01670 HG00159 NA12777 HG00232 HG01761 HG00268 NA12760 HG02232 HG00265 HG01789 HG00342 HG00171 HG01679 NA12273 HG00327 HG00114 HG01779 NA20540 HG02238 HG00239 NA20813 HG00242 HG00130 HG01770 HG00309 HG01603 NA20767 HG01608 HG00121 HG00146 NA12878 HG00311 HG00262 NA12827 HG00099 HG00357 NA20772 HG01615 NA12813 NA20515 HG00315 NA11843 HG01771 NA07048 HG02221 HG00319 NA20539 NA20530 NA20513 NA06986 HG01768 NA20831 NA12283 HG00349 HG04302 HG01676 HG01695 HG01630 NA20518 HG00323 NA12751 HG00109 HG01525 HG00384 HG00107 NA20507 NA12286 HG00266 HG00149 NA20773 HG00378 HG00261 HG00362 HG01605 NA12342 HG00111 HG00332 NA20766 NA20806 NA20531 NA20769 HG00274 NA12776 NA06984 NA12830 NA12275 HG00255 NA11831 NA20508 HG00350 NA11931 NA20533 NA20532 HG00308 NA12842 HG00174 HG04301 HG00377 HG00336 HG01684 HG01501 HG00376 HG01766 HG00148 HG02219 NA20761 HG00117 NA20792 HG01503 NA20582 NA20535 HG00269 NA07037 NA12144 NA11920 NA20752 NA11829 NA20542 NA20502 NA12748 HG00135 HG01767 NA12890 NA20543 HG00104 HG00137 HG01680 HG01519 NA20512 HG00281 HG01522 HG00356 HG00180 NA20814 NA12762 NA12489 HG00355 HG00365 HG00105 HG01786 HG00096 HG01709 NA20511 NA12414 HG00133 NA20514 NA12272 HG00345 NA20585 HG00280 HG00142 HG01710 HG00103 NA12383 NA20755 NA12718 HG01784 HG01746 NA20516 HG00185 HG00240 HG01791 NA20527 HG00101 HG00270 HG00138 HG00359 NA12763 HG01528 HG00272 NA12716 HG00156 HG01504 HG01506 HG00131 HG00250 HG01527 HG00115 NA20768 HG01513 NA20797 NA12058 HG00285 NA12400 HG00326 NA20818 NA20528 NA20799 NA20760 HG01675 HG00102 HG01775 HG00334 HG01668 HG01699 NA20754 HG00379 NA20808 HG00254 HG02224 HG00150 HG00337 NA20521 NA20510 NA20802 NA20805 HG01619 NA11932 NA11892 HG01785 HG01697 HG00341 HG00277 HG00249 HG01777 HG00310 HG00118 HG01625 NA12156 HG01707 HG00256 HG00303 NA12043 NA12155 HG01756 NA20770 HG00177 NA11992 HG00259 HG00346 NA20809 NA20800 HG01790 HG00157 HG01610 HG01602 NA12889 HG00243 NA12828 HG00313 HG00321 HG01500 HG01617 NA20525 NA11881 HG00173 HG01685 HG01516 HG00233 HG00364 HG00252 NA20757 HG01624 NA12874 HG01537 HG01705 HG00288 HG00132 HG02223 NA11830 HG00143 NA12546 NA20763 NA20803 NA11840 HG01672 HG01773 HG01521 HG00190 HG01700 HG01507 HG00154 NA20785 NA20827 HG00371 HG00122 HG01678 HG00312 NA12761 NA20762 HG00320 NA12341 NA20783 NA07000 NA20774 NA20796 HG02230 NA20804 HG00373 NA12399 HG00108 HG00267 NA12413 NA20522 HG01334 HG00097 HG00344 HG01606 NA12003 NA20822 HG00151 HG00324 HG00331 NA12815 HG00152 NA11894 HG00238 HG00282 NA20587 HG02236 HG00318 HG00123 NA20756 NA20778 HG01669 HG00128 HG00257 HG00302 NA12004 NA20787 HG00380 NA20509 HG00306 HG01510 NA20544 NA06989 HG00158 NA20537 NA20826 HG01607 HG01509 NA12843 HG00366 HG01536 HG01618 HG01620 NA20786 NA20807 NA20759 HG01708 HG00276 NA12348 HG00236 HG01531 HG00244 NA11930 NA20775 HG01512 HG00113 NA07357 NA12282 HG00125 NA20504 HG01626 HG00375 NA12717 NA20524 NA20801 HG00343 NA12287 NA11919 HG00112 HG00361 HG00181 HG00271 NA11995 HG00353 NA12749 HG00145 HG00134 HG01704 HG00251 NA20790 HG00335 NA12234 NA20812 HG00372 NA12829 NA12249 HG00106 HG01776 HG00127 NA20829 HG00186 HG00139 HG00141 NA20529 NA20581 NA20821 HG00160 NA20811 HG00129 HG00263 HG00126 NA20765 HG00275 NA11933 NA12873 HG01515 NA12154 HG00188 NA12775 HG01673 NA11994 NA12045 HG00367 NA11893 NA20536 NA20519 HG00290 HG01613 HG00369 HG00304 NA11832 HG01518 HG02220 NA06985 HG04303 HG00155 NA12750 HG00358 HG00120 HG00176 HG00178 HG00182 HG02231 HG02215 HG02235 HG00234 NA06994 HG01762 NA20506 HG01757 NA12340 NA12005 HG00183 NA20538 NA12814 NA20815 NA20541 HG00237 NA20771 NA20503 HG01524 NA12006 HG00382 HG01530 HG02233 HG01682 NA20534 HG00338 HG02239 HG00351 NA12872 NA12044 HG01631 HG00119 HG00368 HG00273 HG00110 HG00284 NA20753 | parallel -j 5 '/beagle3/haky/users/shared_software/TFXcan-pipeline-tools/bin/Rscript workflow/src/calculate_enpact_scores.R --input_file data/aggregated_predictions/asthma_children/{}_aggByCollect_asthma_children.csv.gz --output_file data/enpact_predictions/asthma_children/{}.asthma_children.aggByCollect.2024-01-31.csv.gz --enpact_models_directory /project2/haky/temi/projects/TFPred-snakemake/output/models --filters_date 2023-12-01 --filters_type logistic'
        

[Wed Feb  7 08:58:08 2024]
rule prepare_files_for_predictDB:
    input: data/enpact_predictions/asthma_children
    output: data/predictdb/asthma_children/asthma_children.enpact_scores.txt, data/predictdb/asthma_children/asthma_children.tf_tissue_annot.txt
    jobid: 7
    reason: Missing output files: data/predictdb/asthma_children/asthma_children.tf_tissue_annot.txt, data/predictdb/asthma_children/asthma_children.enpact_scores.txt; Input files updated by another job: data/enpact_predictions/asthma_children
    wildcards: phenotype=asthma_children
    resources: mem_mb=1000, mem_mib=954, disk_mb=1000, disk_mib=954, tmpdir=<TBD>, partition=caslake, time=02:00:00, account=pi-haky, nodes=1, gpu=0, mem_cpu=4, cpu_task=8

/beagle3/haky/users/shared_software/TFXcan-pipeline-tools/bin/Rscript workflow/src/prepare_files_for_predictDB.R --individuals NA20828,HG01686,HG01628,NA10847,HG00246,HG00100,HG01781,HG01632,HG01702,HG00325,NA12778,NA12347,NA20832,NA20764,NA07051,HG00140,HG00136,NA20586,HG00187,HG00339,NA12046,NA07347,NA07056,HG00330,NA10851,NA20520,HG01623,HG01747,HG00179,NA11918,HG01694,HG00253,NA20816,HG00258,HG00328,HG00329,HG00360,HG00264,NA20758,HG00235,HG01612,HG00231,HG00381,NA12812,NA20505,NA20589,NA20795,HG00189,HG00260,NA20798,HG01765,NA20588,HG00383,HG00116,NA20819,NA20810,NA20517,HG00278,HG00245,HG01670,HG00159,NA12777,HG00232,HG01761,HG00268,NA12760,HG02232,HG00265,HG01789,HG00342,HG00171,HG01679,NA12273,HG00327,HG00114,HG01779,NA20540,HG02238,HG00239,NA20813,HG00242,HG00130,HG01770,HG00309,HG01603,NA20767,HG01608,HG00121,HG00146,NA12878,HG00311,HG00262,NA12827,HG00099,HG00357,NA20772,HG01615,NA12813,NA20515,HG00315,NA11843,HG01771,NA07048,HG02221,HG00319,NA20539,NA20530,NA20513,NA06986,HG01768,NA20831,NA12283,HG00349,HG04302,HG01676,HG01695,HG01630,NA20518,HG00323,NA12751,HG00109,HG01525,HG00384,HG00107,NA20507,NA12286,HG00266,HG00149,NA20773,HG00378,HG00261,HG00362,HG01605,NA12342,HG00111,HG00332,NA20766,NA20806,NA20531,NA20769,HG00274,NA12776,NA06984,NA12830,NA12275,HG00255,NA11831,NA20508,HG00350,NA11931,NA20533,NA20532,HG00308,NA12842,HG00174,HG04301,HG00377,HG00336,HG01684,HG01501,HG00376,HG01766,HG00148,HG02219,NA20761,HG00117,NA20792,HG01503,NA20582,NA20535,HG00269,NA07037,NA12144,NA11920,NA20752,NA11829,NA20542,NA20502,NA12748,HG00135,HG01767,NA12890,NA20543,HG00104,HG00137,HG01680,HG01519,NA20512,HG00281,HG01522,HG00356,HG00180,NA20814,NA12762,NA12489,HG00355,HG00365,HG00105,HG01786,HG00096,HG01709,NA20511,NA12414,HG00133,NA20514,NA12272,HG00345,NA20585,HG00280,HG00142,HG01710,HG00103,NA12383,NA20755,NA12718,HG01784,HG01746,NA20516,HG00185,HG00240,HG01791,NA20527,HG00101,HG00270,HG00138,HG00359,NA12763,HG01528,HG00272,NA12716,HG00156,HG01504,HG01506,HG00131,HG00250,HG01527,HG00115,NA20768,HG01513,NA20797,NA12058,HG00285,NA12400,HG00326,NA20818,NA20528,NA20799,NA20760,HG01675,HG00102,HG01775,HG00334,HG01668,HG01699,NA20754,HG00379,NA20808,HG00254,HG02224,HG00150,HG00337,NA20521,NA20510,NA20802,NA20805,HG01619,NA11932,NA11892,HG01785,HG01697,HG00341,HG00277,HG00249,HG01777,HG00310,HG00118,HG01625,NA12156,HG01707,HG00256,HG00303,NA12043,NA12155,HG01756,NA20770,HG00177,NA11992,HG00259,HG00346,NA20809,NA20800,HG01790,HG00157,HG01610,HG01602,NA12889,HG00243,NA12828,HG00313,HG00321,HG01500,HG01617,NA20525,NA11881,HG00173,HG01685,HG01516,HG00233,HG00364,HG00252,NA20757,HG01624,NA12874,HG01537,HG01705,HG00288,HG00132,HG02223,NA11830,HG00143,NA12546,NA20763,NA20803,NA11840,HG01672,HG01773,HG01521,HG00190,HG01700,HG01507,HG00154,NA20785,NA20827,HG00371,HG00122,HG01678,HG00312,NA12761,NA20762,HG00320,NA12341,NA20783,NA07000,NA20774,NA20796,HG02230,NA20804,HG00373,NA12399,HG00108,HG00267,NA12413,NA20522,HG01334,HG00097,HG00344,HG01606,NA12003,NA20822,HG00151,HG00324,HG00331,NA12815,HG00152,NA11894,HG00238,HG00282,NA20587,HG02236,HG00318,HG00123,NA20756,NA20778,HG01669,HG00128,HG00257,HG00302,NA12004,NA20787,HG00380,NA20509,HG00306,HG01510,NA20544,NA06989,HG00158,NA20537,NA20826,HG01607,HG01509,NA12843,HG00366,HG01536,HG01618,HG01620,NA20786,NA20807,NA20759,HG01708,HG00276,NA12348,HG00236,HG01531,HG00244,NA11930,NA20775,HG01512,HG00113,NA07357,NA12282,HG00125,NA20504,HG01626,HG00375,NA12717,NA20524,NA20801,HG00343,NA12287,NA11919,HG00112,HG00361,HG00181,HG00271,NA11995,HG00353,NA12749,HG00145,HG00134,HG01704,HG00251,NA20790,HG00335,NA12234,NA20812,HG00372,NA12829,NA12249,HG00106,HG01776,HG00127,NA20829,HG00186,HG00139,HG00141,NA20529,NA20581,NA20821,HG00160,NA20811,HG00129,HG00263,HG00126,NA20765,HG00275,NA11933,NA12873,HG01515,NA12154,HG00188,NA12775,HG01673,NA11994,NA12045,HG00367,NA11893,NA20536,NA20519,HG00290,HG01613,HG00369,HG00304,NA11832,HG01518,HG02220,NA06985,HG04303,HG00155,NA12750,HG00358,HG00120,HG00176,HG00178,HG00182,HG02231,HG02215,HG02235,HG00234,NA06994,HG01762,NA20506,HG01757,NA12340,NA12005,HG00183,NA20538,NA12814,NA20815,NA20541,HG00237,NA20771,NA20503,HG01524,NA12006,HG00382,HG01530,HG02233,HG01682,NA20534,HG00338,HG02239,HG00351,NA12872,NA12044,HG01631,HG00119,HG00368,HG00273,HG00110,HG00284,NA20753 --input_file_pattern data/enpact_predictions/asthma_children/{}.asthma_children.aggByCollect.2024-01-31.csv.gz --output_directory data/predictdb/asthma_children --filtered_GWAS_file data/collection/asthma_children/asthma_children.filteredGWAS.txt.gz --phenotype asthma_children

[Wed Feb  7 08:58:08 2024]
localrule all:
    input: data/processed_sumstats/asthma_children, data/finemapping/asthma_children, data/collection/asthma_children/asthma_children.filteredGWAS.txt.gz, data/collection/asthma_children/asthma_children.EnformerLoci.txt, data/enformer_parameters/enformer_parameters_Asthma_GWAS_asthma_children.json, data/enformer_parameters/aggregation_config_Asthma_GWAS_asthma_children.json, data/checkpoints/asthma_children.checkpoint, data/aggregated_predictions/asthma_children, data/enpact_predictions/asthma_children, data/predictdb/asthma_children/asthma_children.enpact_scores.txt, data/predictdb/asthma_children/asthma_children.tf_tissue_annot.txt
    jobid: 0
    reason: Input files updated by another job: data/predictdb/asthma_children/asthma_children.tf_tissue_annot.txt, data/enpact_predictions/asthma_children, data/predictdb/asthma_children/asthma_children.enpact_scores.txt
    resources: mem_mb=<TBD>, disk_mb=<TBD>, tmpdir=/scratch/midway3/temi, partition=caslake, time=02:00:00, account=pi-haky, nodes=1, gpu=0, mem_cpu=4, cpu_task=8

Job stats:
job                            count    min threads    max threads
---------------------------  -------  -------------  -------------
all                                1              1              1
calculate_enpact_scores            1              1              1
prepare_files_for_predictDB        1              1              1
total                              3              1              1

Reasons:
    (check individual jobs above for details)
    forced:
        calculate_enpact_scores
    input files updated by another job:
        all, prepare_files_for_predictDB
    missing output files:
        prepare_files_for_predictDB

This was a dry-run (flag -n). The order of jobs does not reflect the order of execution.
